{"D:\\AJEETWORK\\neura_dynamics\\src\\components\\Header\\Header.jsx": {"path":"D:\\AJEETWORK\\neura_dynamics\\src\\components\\Header\\Header.jsx","statementMap":{"0":{"start":{"line":9,"column":15},"end":{"line":35,"column":null}},"1":{"start":{"line":10,"column":8},"end":{"line":10,"column":null}},"2":{"start":{"line":11,"column":8},"end":{"line":13,"column":null}},"3":{"start":{"line":12,"column":15},"end":{"line":12,"column":null}},"4":{"start":{"line":15,"column":21},"end":{"line":17,"column":null}},"5":{"start":{"line":16,"column":4},"end":{"line":16,"column":null}},"6":{"start":{"line":19,"column":2},"end":{"line":33,"column":null}}},"fnMap":{"0":{"name":"(anonymous_0)","decl":{"start":{"line":9,"column":15},"end":{"line":9,"column":21}},"loc":{"start":{"line":9,"column":21},"end":{"line":35,"column":null}},"line":9},"1":{"name":"(anonymous_1)","decl":{"start":{"line":12,"column":4},"end":{"line":12,"column":5}},"loc":{"start":{"line":12,"column":15},"end":{"line":12,"column":null}},"line":12},"2":{"name":"(anonymous_2)","decl":{"start":{"line":15,"column":21},"end":{"line":15,"column":27}},"loc":{"start":{"line":15,"column":27},"end":{"line":17,"column":null}},"line":15}},"branchMap":{"0":{"loc":{"start":{"line":29,"column":13},"end":{"line":29,"column":null}},"type":"binary-expr","locations":[{"start":{"line":29,"column":13},"end":{"line":29,"column":35}},{"start":{"line":29,"column":35},"end":{"line":29,"column":null}}],"line":29}},"s":{"0":1,"1":1,"2":1,"3":2,"4":1,"5":0,"6":1},"f":{"0":1,"1":2,"2":0},"b":{"0":[1,0]},"meta":{"lastBranch":1,"lastFunction":3,"lastStatement":7,"seen":{"s:9:15:35:Infinity":0,"f:9:15:9:21":0,"s:10:8:10:Infinity":1,"s:11:8:13:Infinity":2,"f:12:4:12:5":1,"s:12:15:12:Infinity":3,"s:15:21:17:Infinity":4,"f:15:21:15:27":2,"s:16:4:16:Infinity":5,"s:19:2:33:Infinity":6,"b:29:13:29:35:29:35:29:Infinity":0}}}
,"D:\\AJEETWORK\\neura_dynamics\\src\\components\\Header\\Header.styles.js": {"path":"D:\\AJEETWORK\\neura_dynamics\\src\\components\\Header\\Header.styles.js","statementMap":{"0":{"start":{"line":4,"column":23},"end":{"line":11,"column":1}},"1":{"start":{"line":5,"column":28},"end":{"line":5,"column":44}},"2":{"start":{"line":8,"column":21},"end":{"line":8,"column":41}},"3":{"start":{"line":9,"column":21},"end":{"line":9,"column":43}},"4":{"start":{"line":13,"column":31},"end":{"line":22,"column":1}},"5":{"start":{"line":24,"column":21},"end":{"line":34,"column":1}},"6":{"start":{"line":25,"column":30},"end":{"line":25,"column":48}},"7":{"start":{"line":27,"column":26},"end":{"line":27,"column":44}},"8":{"start":{"line":32,"column":32},"end":{"line":32,"column":50}},"9":{"start":{"line":36,"column":25},"end":{"line":39,"column":1}},"10":{"start":{"line":41,"column":19},"end":{"line":44,"column":1}},"11":{"start":{"line":46,"column":28},"end":{"line":65,"column":1}},"12":{"start":{"line":52,"column":26},"end":{"line":52,"column":44}},"13":{"start":{"line":67,"column":21},"end":{"line":73,"column":1}}},"fnMap":{"0":{"name":"(anonymous_0)","decl":{"start":{"line":5,"column":13},"end":{"line":5,"column":14}},"loc":{"start":{"line":5,"column":28},"end":{"line":5,"column":44}},"line":5},"1":{"name":"(anonymous_1)","decl":{"start":{"line":8,"column":6},"end":{"line":8,"column":7}},"loc":{"start":{"line":8,"column":21},"end":{"line":8,"column":41}},"line":8},"2":{"name":"(anonymous_2)","decl":{"start":{"line":9,"column":6},"end":{"line":9,"column":7}},"loc":{"start":{"line":9,"column":21},"end":{"line":9,"column":43}},"line":9},"3":{"name":"(anonymous_3)","decl":{"start":{"line":25,"column":15},"end":{"line":25,"column":16}},"loc":{"start":{"line":25,"column":30},"end":{"line":25,"column":48}},"line":25},"4":{"name":"(anonymous_4)","decl":{"start":{"line":27,"column":11},"end":{"line":27,"column":12}},"loc":{"start":{"line":27,"column":26},"end":{"line":27,"column":44}},"line":27},"5":{"name":"(anonymous_5)","decl":{"start":{"line":32,"column":17},"end":{"line":32,"column":18}},"loc":{"start":{"line":32,"column":32},"end":{"line":32,"column":50}},"line":32},"6":{"name":"(anonymous_6)","decl":{"start":{"line":52,"column":11},"end":{"line":52,"column":12}},"loc":{"start":{"line":52,"column":26},"end":{"line":52,"column":44}},"line":52}},"branchMap":{},"s":{"0":1,"1":1,"2":1,"3":1,"4":1,"5":1,"6":1,"7":1,"8":1,"9":1,"10":1,"11":1,"12":1,"13":1},"f":{"0":1,"1":1,"2":1,"3":1,"4":1,"5":1,"6":1},"b":{},"meta":{"lastBranch":0,"lastFunction":7,"lastStatement":14,"seen":{"s:4:23:11:1":0,"f:5:13:5:14":0,"s:5:28:5:44":1,"f:8:6:8:7":1,"s:8:21:8:41":2,"f:9:6:9:7":2,"s:9:21:9:43":3,"s:13:31:22:1":4,"s:24:21:34:1":5,"f:25:15:25:16":3,"s:25:30:25:48":6,"f:27:11:27:12":4,"s:27:26:27:44":7,"f:32:17:32:18":5,"s:32:32:32:50":8,"s:36:25:39:1":9,"s:41:19:44:1":10,"s:46:28:65:1":11,"f:52:11:52:12":6,"s:52:26:52:44":12,"s:67:21:73:1":13}}}
,"D:\\AJEETWORK\\neura_dynamics\\src\\components\\ProductCard\\ProductCard.jsx": {"path":"D:\\AJEETWORK\\neura_dynamics\\src\\components\\ProductCard\\ProductCard.jsx","statementMap":{"0":{"start":{"line":5,"column":20},"end":{"line":24,"column":null}},"1":{"start":{"line":6,"column":9},"end":{"line":6,"column":null}},"2":{"start":{"line":8,"column":22},"end":{"line":10,"column":null}},"3":{"start":{"line":9,"column":4},"end":{"line":9,"column":null}},"4":{"start":{"line":12,"column":2},"end":{"line":22,"column":null}}},"fnMap":{"0":{"name":"(anonymous_0)","decl":{"start":{"line":5,"column":20},"end":{"line":5,"column":21}},"loc":{"start":{"line":5,"column":32},"end":{"line":24,"column":null}},"line":5},"1":{"name":"(anonymous_1)","decl":{"start":{"line":8,"column":22},"end":{"line":8,"column":28}},"loc":{"start":{"line":8,"column":28},"end":{"line":10,"column":null}},"line":8}},"branchMap":{},"s":{"0":1,"1":2,"2":2,"3":1,"4":2},"f":{"0":2,"1":1},"b":{},"meta":{"lastBranch":0,"lastFunction":2,"lastStatement":5,"seen":{"s:5:20:24:Infinity":0,"f:5:20:5:21":0,"s:6:9:6:Infinity":1,"s:8:22:10:Infinity":2,"f:8:22:8:28":1,"s:9:4:9:Infinity":3,"s:12:2:22:Infinity":4}}}
,"D:\\AJEETWORK\\neura_dynamics\\src\\components\\ProductCard\\ProductCard.styles.js": {"path":"D:\\AJEETWORK\\neura_dynamics\\src\\components\\ProductCard\\ProductCard.styles.js","statementMap":{"0":{"start":{"line":3,"column":27},"end":{"line":18,"column":1}},"1":{"start":{"line":19,"column":24},"end":{"line":25,"column":1}},"2":{"start":{"line":27,"column":21},"end":{"line":31,"column":1}},"3":{"start":{"line":32,"column":23},"end":{"line":37,"column":1}},"4":{"start":{"line":39,"column":21},"end":{"line":46,"column":1}},"5":{"start":{"line":40,"column":30},"end":{"line":40,"column":48}},"6":{"start":{"line":41,"column":25},"end":{"line":41,"column":42}},"7":{"start":{"line":48,"column":20},"end":{"line":51,"column":1}},"8":{"start":{"line":53,"column":24},"end":{"line":56,"column":1}},"9":{"start":{"line":54,"column":28},"end":{"line":54,"column":46}},"10":{"start":{"line":55,"column":24},"end":{"line":55,"column":41}},"11":{"start":{"line":58,"column":21},"end":{"line":62,"column":1}},"12":{"start":{"line":59,"column":28},"end":{"line":59,"column":46}},"13":{"start":{"line":61,"column":25},"end":{"line":61,"column":45}}},"fnMap":{"0":{"name":"(anonymous_0)","decl":{"start":{"line":40,"column":15},"end":{"line":40,"column":16}},"loc":{"start":{"line":40,"column":30},"end":{"line":40,"column":48}},"line":40},"1":{"name":"(anonymous_1)","decl":{"start":{"line":41,"column":10},"end":{"line":41,"column":11}},"loc":{"start":{"line":41,"column":25},"end":{"line":41,"column":42}},"line":41},"2":{"name":"(anonymous_2)","decl":{"start":{"line":54,"column":13},"end":{"line":54,"column":14}},"loc":{"start":{"line":54,"column":28},"end":{"line":54,"column":46}},"line":54},"3":{"name":"(anonymous_3)","decl":{"start":{"line":55,"column":9},"end":{"line":55,"column":10}},"loc":{"start":{"line":55,"column":24},"end":{"line":55,"column":41}},"line":55},"4":{"name":"(anonymous_4)","decl":{"start":{"line":59,"column":13},"end":{"line":59,"column":14}},"loc":{"start":{"line":59,"column":28},"end":{"line":59,"column":46}},"line":59},"5":{"name":"(anonymous_5)","decl":{"start":{"line":61,"column":10},"end":{"line":61,"column":11}},"loc":{"start":{"line":61,"column":25},"end":{"line":61,"column":45}},"line":61}},"branchMap":{},"s":{"0":1,"1":1,"2":1,"3":1,"4":1,"5":2,"6":2,"7":1,"8":1,"9":2,"10":2,"11":1,"12":2,"13":2},"f":{"0":2,"1":2,"2":2,"3":2,"4":2,"5":2},"b":{},"meta":{"lastBranch":0,"lastFunction":6,"lastStatement":14,"seen":{"s:3:27:18:1":0,"s:19:24:25:1":1,"s:27:21:31:1":2,"s:32:23:37:1":3,"s:39:21:46:1":4,"f:40:15:40:16":0,"s:40:30:40:48":5,"f:41:10:41:11":1,"s:41:25:41:42":6,"s:48:20:51:1":7,"s:53:24:56:1":8,"f:54:13:54:14":2,"s:54:28:54:46":9,"f:55:9:55:10":3,"s:55:24:55:41":10,"s:58:21:62:1":11,"f:59:13:59:14":4,"s:59:28:59:46":12,"f:61:10:61:11":5,"s:61:25:61:45":13}}}
,"D:\\AJEETWORK\\neura_dynamics\\src\\features\\favorites\\favoritesSlice.js": {"path":"D:\\AJEETWORK\\neura_dynamics\\src\\features\\favorites\\favoritesSlice.js","statementMap":{"0":{"start":{"line":3,"column":22},"end":{"line":18,"column":2}},"1":{"start":{"line":10,"column":6},"end":{"line":10,"column":39}},"2":{"start":{"line":13,"column":6},"end":{"line":15,"column":8}},"3":{"start":{"line":14,"column":18},"end":{"line":14,"column":44}},"4":{"start":{"line":21,"column":2},"end":{"line":21,"column":24}}},"fnMap":{"0":{"name":"(anonymous_0)","decl":{"start":{"line":9,"column":4},"end":{"line":9,"column":18}},"loc":{"start":{"line":9,"column":34},"end":{"line":11,"column":5}},"line":9},"1":{"name":"(anonymous_1)","decl":{"start":{"line":12,"column":4},"end":{"line":12,"column":23}},"loc":{"start":{"line":12,"column":39},"end":{"line":16,"column":5}},"line":12},"2":{"name":"(anonymous_2)","decl":{"start":{"line":14,"column":8},"end":{"line":14,"column":9}},"loc":{"start":{"line":14,"column":18},"end":{"line":14,"column":44}},"line":14}},"branchMap":{},"s":{"0":3,"1":1,"2":0,"3":0,"4":3},"f":{"0":1,"1":0,"2":0},"b":{},"meta":{"lastBranch":0,"lastFunction":3,"lastStatement":5,"seen":{"s:3:22:18:2":0,"f:9:4:9:18":0,"s:10:6:10:39":1,"f:12:4:12:23":1,"s:13:6:15:8":2,"f:14:8:14:9":2,"s:14:18:14:44":3,"s:21:2:21:24":4}}}
,"D:\\AJEETWORK\\neura_dynamics\\src\\features\\filters\\filtersSlice.js": {"path":"D:\\AJEETWORK\\neura_dynamics\\src\\features\\filters\\filtersSlice.js","statementMap":{"0":{"start":{"line":3,"column":21},"end":{"line":7,"column":1}},"1":{"start":{"line":9,"column":20},"end":{"line":23,"column":2}},"2":{"start":{"line":14,"column":6},"end":{"line":14,"column":36}},"3":{"start":{"line":17,"column":6},"end":{"line":17,"column":38}},"4":{"start":{"line":20,"column":6},"end":{"line":20,"column":34}},"5":{"start":{"line":25,"column":51},"end":{"line":25,"column":71}}},"fnMap":{"0":{"name":"(anonymous_0)","decl":{"start":{"line":13,"column":4},"end":{"line":13,"column":13}},"loc":{"start":{"line":13,"column":29},"end":{"line":15,"column":5}},"line":13},"1":{"name":"(anonymous_1)","decl":{"start":{"line":16,"column":4},"end":{"line":16,"column":15}},"loc":{"start":{"line":16,"column":31},"end":{"line":18,"column":5}},"line":16},"2":{"name":"(anonymous_2)","decl":{"start":{"line":19,"column":4},"end":{"line":19,"column":11}},"loc":{"start":{"line":19,"column":27},"end":{"line":21,"column":5}},"line":19}},"branchMap":{},"s":{"0":3,"1":3,"2":0,"3":0,"4":0,"5":3},"f":{"0":0,"1":0,"2":0},"b":{},"meta":{"lastBranch":0,"lastFunction":3,"lastStatement":6,"seen":{"s:3:21:7:1":0,"s:9:20:23:2":1,"f:13:4:13:13":0,"s:14:6:14:36":2,"f:16:4:16:15":1,"s:17:6:17:38":3,"f:19:4:19:11":2,"s:20:6:20:34":4,"s:25:51:25:71":5}}}
,"D:\\AJEETWORK\\neura_dynamics\\src\\features\\products\\productsSlice.js": {"path":"D:\\AJEETWORK\\neura_dynamics\\src\\features\\products\\productsSlice.js","statementMap":{"0":{"start":{"line":4,"column":21},"end":{"line":9,"column":1}},"1":{"start":{"line":11,"column":21},"end":{"line":49,"column":2}},"2":{"start":{"line":16,"column":6},"end":{"line":16,"column":23}},"3":{"start":{"line":17,"column":6},"end":{"line":17,"column":35}},"4":{"start":{"line":18,"column":6},"end":{"line":18,"column":28}},"5":{"start":{"line":19,"column":6},"end":{"line":19,"column":25}},"6":{"start":{"line":23,"column":4},"end":{"line":47,"column":9}},"7":{"start":{"line":25,"column":8},"end":{"line":25,"column":33}},"8":{"start":{"line":28,"column":8},"end":{"line":28,"column":35}},"9":{"start":{"line":29,"column":8},"end":{"line":29,"column":37}},"10":{"start":{"line":32,"column":8},"end":{"line":32,"column":32}},"11":{"start":{"line":33,"column":8},"end":{"line":33,"column":43}},"12":{"start":{"line":36,"column":8},"end":{"line":36,"column":33}},"13":{"start":{"line":37,"column":8},"end":{"line":37,"column":37}},"14":{"start":{"line":40,"column":8},"end":{"line":40,"column":35}},"15":{"start":{"line":41,"column":8},"end":{"line":41,"column":47}},"16":{"start":{"line":44,"column":8},"end":{"line":44,"column":32}},"17":{"start":{"line":45,"column":8},"end":{"line":45,"column":37}},"18":{"start":{"line":46,"column":8},"end":{"line":46,"column":43}},"19":{"start":{"line":51,"column":33},"end":{"line":51,"column":54}}},"fnMap":{"0":{"name":"(anonymous_0)","decl":{"start":{"line":15,"column":19},"end":{"line":15,"column":20}},"loc":{"start":{"line":15,"column":30},"end":{"line":20,"column":5}},"line":15},"1":{"name":"(anonymous_1)","decl":{"start":{"line":22,"column":17},"end":{"line":22,"column":18}},"loc":{"start":{"line":22,"column":30},"end":{"line":48,"column":3}},"line":22},"2":{"name":"(anonymous_2)","decl":{"start":{"line":24,"column":38},"end":{"line":24,"column":39}},"loc":{"start":{"line":24,"column":49},"end":{"line":26,"column":7}},"line":24},"3":{"name":"(anonymous_3)","decl":{"start":{"line":27,"column":40},"end":{"line":27,"column":41}},"loc":{"start":{"line":27,"column":59},"end":{"line":30,"column":7}},"line":27},"4":{"name":"(anonymous_4)","decl":{"start":{"line":31,"column":39},"end":{"line":31,"column":40}},"loc":{"start":{"line":31,"column":58},"end":{"line":34,"column":7}},"line":31},"5":{"name":"(anonymous_5)","decl":{"start":{"line":35,"column":41},"end":{"line":35,"column":42}},"loc":{"start":{"line":35,"column":52},"end":{"line":38,"column":7}},"line":35},"6":{"name":"(anonymous_6)","decl":{"start":{"line":39,"column":43},"end":{"line":39,"column":44}},"loc":{"start":{"line":39,"column":62},"end":{"line":42,"column":7}},"line":39},"7":{"name":"(anonymous_7)","decl":{"start":{"line":43,"column":42},"end":{"line":43,"column":43}},"loc":{"start":{"line":43,"column":61},"end":{"line":47,"column":7}},"line":43}},"branchMap":{},"s":{"0":4,"1":4,"2":0,"3":0,"4":0,"5":0,"6":4,"7":0,"8":0,"9":0,"10":0,"11":0,"12":1,"13":1,"14":1,"15":1,"16":0,"17":0,"18":0,"19":4},"f":{"0":0,"1":4,"2":0,"3":0,"4":0,"5":1,"6":1,"7":0},"b":{},"meta":{"lastBranch":0,"lastFunction":8,"lastStatement":20,"seen":{"s:4:21:9:1":0,"s:11:21:49:2":1,"f:15:19:15:20":0,"s:16:6:16:23":2,"s:17:6:17:35":3,"s:18:6:18:28":4,"s:19:6:19:25":5,"f:22:17:22:18":1,"s:23:4:47:9":6,"f:24:38:24:39":2,"s:25:8:25:33":7,"f:27:40:27:41":3,"s:28:8:28:35":8,"s:29:8:29:37":9,"f:31:39:31:40":4,"s:32:8:32:32":10,"s:33:8:33:43":11,"f:35:41:35:42":5,"s:36:8:36:33":12,"s:37:8:37:37":13,"f:39:43:39:44":6,"s:40:8:40:35":14,"s:41:8:41:47":15,"f:43:42:43:43":7,"s:44:8:44:32":16,"s:45:8:45:37":17,"s:46:8:46:43":18,"s:51:33:51:54":19}}}
,"D:\\AJEETWORK\\neura_dynamics\\src\\features\\products\\productsThunk.js": {"path":"D:\\AJEETWORK\\neura_dynamics\\src\\features\\products\\productsThunk.js","statementMap":{"0":{"start":{"line":4,"column":28},"end":{"line":10,"column":1}},"1":{"start":{"line":7,"column":16},"end":{"line":7,"column":68}},"2":{"start":{"line":8,"column":4},"end":{"line":8,"column":20}},"3":{"start":{"line":12,"column":31},"end":{"line":20,"column":1}},"4":{"start":{"line":15,"column":16},"end":{"line":17,"column":5}},"5":{"start":{"line":18,"column":4},"end":{"line":18,"column":20}}},"fnMap":{"0":{"name":"(anonymous_0)","decl":{"start":{"line":6,"column":2},"end":{"line":6,"column":7}},"loc":{"start":{"line":6,"column":14},"end":{"line":9,"column":3}},"line":6},"1":{"name":"(anonymous_1)","decl":{"start":{"line":14,"column":2},"end":{"line":14,"column":7}},"loc":{"start":{"line":14,"column":16},"end":{"line":19,"column":3}},"line":14}},"branchMap":{},"s":{"0":4,"1":0,"2":0,"3":4,"4":1,"5":1},"f":{"0":0,"1":1},"b":{},"meta":{"lastBranch":0,"lastFunction":2,"lastStatement":6,"seen":{"s:4:28:10:1":0,"f:6:2:6:7":0,"s:7:16:7:68":1,"s:8:4:8:20":2,"s:12:31:20:1":3,"f:14:2:14:7":1,"s:15:16:17:5":4,"s:18:4:18:20":5}}}
,"D:\\AJEETWORK\\neura_dynamics\\src\\pages\\ProductDetail\\ProductDetail.jsx": {"path":"D:\\AJEETWORK\\neura_dynamics\\src\\pages\\ProductDetail\\ProductDetail.jsx","statementMap":{"0":{"start":{"line":13,"column":22},"end":{"line":98,"column":null}},"1":{"start":{"line":14,"column":13},"end":{"line":14,"column":null}},"2":{"start":{"line":15,"column":8},"end":{"line":15,"column":null}},"3":{"start":{"line":17,"column":34},"end":{"line":19,"column":null}},"4":{"start":{"line":18,"column":15},"end":{"line":18,"column":null}},"5":{"start":{"line":21,"column":8},"end":{"line":25,"column":null}},"6":{"start":{"line":22,"column":4},"end":{"line":24,"column":null}},"7":{"start":{"line":23,"column":15},"end":{"line":23,"column":null}},"8":{"start":{"line":26,"column":2},"end":{"line":28,"column":null}},"9":{"start":{"line":27,"column":4},"end":{"line":27,"column":null}},"10":{"start":{"line":30,"column":2},"end":{"line":32,"column":null}},"11":{"start":{"line":31,"column":4},"end":{"line":31,"column":null}},"12":{"start":{"line":34,"column":2},"end":{"line":36,"column":null}},"13":{"start":{"line":35,"column":4},"end":{"line":35,"column":null}},"14":{"start":{"line":38,"column":2},"end":{"line":96,"column":null}},"15":{"start":{"line":79,"column":14},"end":{"line":87,"column":null}}},"fnMap":{"0":{"name":"(anonymous_0)","decl":{"start":{"line":13,"column":22},"end":{"line":13,"column":28}},"loc":{"start":{"line":13,"column":28},"end":{"line":98,"column":null}},"line":13},"1":{"name":"(anonymous_1)","decl":{"start":{"line":18,"column":4},"end":{"line":18,"column":5}},"loc":{"start":{"line":18,"column":15},"end":{"line":18,"column":null}},"line":18},"2":{"name":"(anonymous_2)","decl":{"start":{"line":21,"column":33},"end":{"line":21,"column":34}},"loc":{"start":{"line":22,"column":4},"end":{"line":24,"column":null}},"line":22},"3":{"name":"(anonymous_3)","decl":{"start":{"line":23,"column":6},"end":{"line":23,"column":7}},"loc":{"start":{"line":23,"column":15},"end":{"line":23,"column":null}},"line":23},"4":{"name":"(anonymous_4)","decl":{"start":{"line":26,"column":12},"end":{"line":26,"column":18}},"loc":{"start":{"line":26,"column":18},"end":{"line":28,"column":5}},"line":26},"5":{"name":"(anonymous_5)","decl":{"start":{"line":78,"column":21},"end":{"line":78,"column":null}},"loc":{"start":{"line":79,"column":14},"end":{"line":87,"column":null}},"line":79}},"branchMap":{"0":{"loc":{"start":{"line":30,"column":2},"end":{"line":32,"column":null}},"type":"if","locations":[{"start":{"line":30,"column":2},"end":{"line":32,"column":null}},{"start":{},"end":{}}],"line":30},"1":{"loc":{"start":{"line":34,"column":2},"end":{"line":36,"column":null}},"type":"if","locations":[{"start":{"line":34,"column":2},"end":{"line":36,"column":null}},{"start":{},"end":{}}],"line":34},"2":{"loc":{"start":{"line":54,"column":27},"end":{"line":54,"column":60}},"type":"binary-expr","locations":[{"start":{"line":54,"column":27},"end":{"line":54,"column":59}},{"start":{"line":54,"column":59},"end":{"line":54,"column":60}}],"line":54},"3":{"loc":{"start":{"line":59,"column":20},"end":{"line":59,"column":null}},"type":"binary-expr","locations":[{"start":{"line":59,"column":20},"end":{"line":59,"column":52}},{"start":{"line":59,"column":52},"end":{"line":59,"column":null}}],"line":59},"4":{"loc":{"start":{"line":64,"column":16},"end":{"line":64,"column":51}},"type":"binary-expr","locations":[{"start":{"line":64,"column":16},"end":{"line":64,"column":49}},{"start":{"line":64,"column":49},"end":{"line":64,"column":51}}],"line":64},"5":{"loc":{"start":{"line":79,"column":14},"end":{"line":87,"column":null}},"type":"cond-expr","locations":[{"start":{"line":80,"column":18},"end":{"line":84,"column":null}},{"start":{"line":85,"column":18},"end":{"line":87,"column":null}}],"line":79},"6":{"loc":{"start":{"line":90,"column":13},"end":{"line":92,"column":null}},"type":"cond-expr","locations":[{"start":{"line":91,"column":16},"end":{"line":91,"column":null}},{"start":{"line":92,"column":16},"end":{"line":92,"column":null}}],"line":90}},"s":{"0":1,"1":4,"2":4,"3":4,"4":8,"5":4,"6":8,"7":2,"8":4,"9":1,"10":4,"11":1,"12":3,"13":1,"14":2,"15":1},"f":{"0":4,"1":8,"2":8,"3":2,"4":1,"5":1},"b":{"0":[1,3],"1":[1,2],"2":[2,0],"3":[4,0],"4":[4,0],"5":[0,1],"6":[1,1]},"meta":{"lastBranch":7,"lastFunction":6,"lastStatement":16,"seen":{"s:13:22:98:Infinity":0,"f:13:22:13:28":0,"s:14:13:14:Infinity":1,"s:15:8:15:Infinity":2,"s:17:34:19:Infinity":3,"f:18:4:18:5":1,"s:18:15:18:Infinity":4,"s:21:8:25:Infinity":5,"f:21:33:21:34":2,"s:22:4:24:Infinity":6,"f:23:6:23:7":3,"s:23:15:23:Infinity":7,"s:26:2:28:Infinity":8,"f:26:12:26:18":4,"s:27:4:27:Infinity":9,"b:30:2:32:Infinity:undefined:undefined:undefined:undefined":0,"s:30:2:32:Infinity":10,"s:31:4:31:Infinity":11,"b:34:2:36:Infinity:undefined:undefined:undefined:undefined":1,"s:34:2:36:Infinity":12,"s:35:4:35:Infinity":13,"s:38:2:96:Infinity":14,"b:54:27:54:59:54:59:54:60":2,"b:59:20:59:52:59:52:59:Infinity":3,"b:64:16:64:49:64:49:64:51":4,"f:78:21:78:Infinity":5,"s:79:14:87:Infinity":15,"b:80:18:84:Infinity:85:18:87:Infinity":5,"b:91:16:91:Infinity:92:16:92:Infinity":6}}}
,"D:\\AJEETWORK\\neura_dynamics\\src\\pages\\ProductDetail\\ProductDetail.styles.js": {"path":"D:\\AJEETWORK\\neura_dynamics\\src\\pages\\ProductDetail\\ProductDetail.styles.js","statementMap":{"0":{"start":{"line":3,"column":23},"end":{"line":9,"column":1}},"1":{"start":{"line":11,"column":25},"end":{"line":24,"column":1}},"2":{"start":{"line":15,"column":31},"end":{"line":15,"column":49}},"3":{"start":{"line":26,"column":28},"end":{"line":36,"column":1}},"4":{"start":{"line":38,"column":21},"end":{"line":48,"column":1}},"5":{"start":{"line":50,"column":23},"end":{"line":78,"column":1}},"6":{"start":{"line":62,"column":32},"end":{"line":62,"column":50}},"7":{"start":{"line":65,"column":28},"end":{"line":65,"column":46}},"8":{"start":{"line":66,"column":33},"end":{"line":66,"column":53}},"9":{"start":{"line":70,"column":35},"end":{"line":70,"column":54}},"10":{"start":{"line":80,"column":21},"end":{"line":83,"column":1}},"11":{"start":{"line":81,"column":30},"end":{"line":81,"column":48}},"12":{"start":{"line":82,"column":26},"end":{"line":82,"column":43}},"13":{"start":{"line":85,"column":27},"end":{"line":91,"column":1}},"14":{"start":{"line":88,"column":32},"end":{"line":88,"column":50}},"15":{"start":{"line":89,"column":28},"end":{"line":89,"column":45}},"16":{"start":{"line":93,"column":21},"end":{"line":96,"column":1}},"17":{"start":{"line":94,"column":30},"end":{"line":94,"column":48}},"18":{"start":{"line":95,"column":26},"end":{"line":95,"column":46}},"19":{"start":{"line":98,"column":22},"end":{"line":102,"column":1}},"20":{"start":{"line":104,"column":21},"end":{"line":108,"column":1}},"21":{"start":{"line":110,"column":27},"end":{"line":113,"column":1}},"22":{"start":{"line":111,"column":30},"end":{"line":111,"column":48}},"23":{"start":{"line":112,"column":26},"end":{"line":112,"column":43}}},"fnMap":{"0":{"name":"(anonymous_0)","decl":{"start":{"line":15,"column":16},"end":{"line":15,"column":17}},"loc":{"start":{"line":15,"column":31},"end":{"line":15,"column":49}},"line":15},"1":{"name":"(anonymous_1)","decl":{"start":{"line":62,"column":17},"end":{"line":62,"column":18}},"loc":{"start":{"line":62,"column":32},"end":{"line":62,"column":50}},"line":62},"2":{"name":"(anonymous_2)","decl":{"start":{"line":65,"column":13},"end":{"line":65,"column":14}},"loc":{"start":{"line":65,"column":28},"end":{"line":65,"column":46}},"line":65},"3":{"name":"(anonymous_3)","decl":{"start":{"line":66,"column":18},"end":{"line":66,"column":19}},"loc":{"start":{"line":66,"column":33},"end":{"line":66,"column":53}},"line":66},"4":{"name":"(anonymous_4)","decl":{"start":{"line":70,"column":20},"end":{"line":70,"column":21}},"loc":{"start":{"line":70,"column":35},"end":{"line":70,"column":54}},"line":70},"5":{"name":"(anonymous_5)","decl":{"start":{"line":81,"column":15},"end":{"line":81,"column":16}},"loc":{"start":{"line":81,"column":30},"end":{"line":81,"column":48}},"line":81},"6":{"name":"(anonymous_6)","decl":{"start":{"line":82,"column":11},"end":{"line":82,"column":12}},"loc":{"start":{"line":82,"column":26},"end":{"line":82,"column":43}},"line":82},"7":{"name":"(anonymous_7)","decl":{"start":{"line":88,"column":17},"end":{"line":88,"column":18}},"loc":{"start":{"line":88,"column":32},"end":{"line":88,"column":50}},"line":88},"8":{"name":"(anonymous_8)","decl":{"start":{"line":89,"column":13},"end":{"line":89,"column":14}},"loc":{"start":{"line":89,"column":28},"end":{"line":89,"column":45}},"line":89},"9":{"name":"(anonymous_9)","decl":{"start":{"line":94,"column":15},"end":{"line":94,"column":16}},"loc":{"start":{"line":94,"column":30},"end":{"line":94,"column":48}},"line":94},"10":{"name":"(anonymous_10)","decl":{"start":{"line":95,"column":11},"end":{"line":95,"column":12}},"loc":{"start":{"line":95,"column":26},"end":{"line":95,"column":46}},"line":95},"11":{"name":"(anonymous_11)","decl":{"start":{"line":111,"column":15},"end":{"line":111,"column":16}},"loc":{"start":{"line":111,"column":30},"end":{"line":111,"column":48}},"line":111},"12":{"name":"(anonymous_12)","decl":{"start":{"line":112,"column":11},"end":{"line":112,"column":12}},"loc":{"start":{"line":112,"column":26},"end":{"line":112,"column":43}},"line":112}},"branchMap":{},"s":{"0":1,"1":1,"2":2,"3":1,"4":1,"5":1,"6":2,"7":2,"8":2,"9":2,"10":1,"11":2,"12":2,"13":1,"14":2,"15":2,"16":1,"17":2,"18":2,"19":1,"20":1,"21":1,"22":2,"23":2},"f":{"0":2,"1":2,"2":2,"3":2,"4":2,"5":2,"6":2,"7":2,"8":2,"9":2,"10":2,"11":2,"12":2},"b":{},"meta":{"lastBranch":0,"lastFunction":13,"lastStatement":24,"seen":{"s:3:23:9:1":0,"s:11:25:24:1":1,"f:15:16:15:17":0,"s:15:31:15:49":2,"s:26:28:36:1":3,"s:38:21:48:1":4,"s:50:23:78:1":5,"f:62:17:62:18":1,"s:62:32:62:50":6,"f:65:13:65:14":2,"s:65:28:65:46":7,"f:66:18:66:19":3,"s:66:33:66:53":8,"f:70:20:70:21":4,"s:70:35:70:54":9,"s:80:21:83:1":10,"f:81:15:81:16":5,"s:81:30:81:48":11,"f:82:11:82:12":6,"s:82:26:82:43":12,"s:85:27:91:1":13,"f:88:17:88:18":7,"s:88:32:88:50":14,"f:89:13:89:14":8,"s:89:28:89:45":15,"s:93:21:96:1":16,"f:94:15:94:16":9,"s:94:30:94:48":17,"f:95:11:95:12":10,"s:95:26:95:46":18,"s:98:22:102:1":19,"s:104:21:108:1":20,"s:110:27:113:1":21,"f:111:15:111:16":11,"s:111:30:111:48":22,"f:112:11:112:12":12,"s:112:26:112:43":23}}}
,"D:\\AJEETWORK\\neura_dynamics\\src\\styles\\theme.js": {"path":"D:\\AJEETWORK\\neura_dynamics\\src\\styles\\theme.js","statementMap":{"0":{"start":{"line":2,"column":21},"end":{"line":31,"column":1}}},"fnMap":{},"branchMap":{},"s":{"0":3},"f":{},"b":{},"meta":{"lastBranch":0,"lastFunction":0,"lastStatement":1,"seen":{"s:2:21:31:1":0}}}
,"D:\\AJEETWORK\\neura_dynamics\\src\\test\\test-utils.jsx": {"path":"D:\\AJEETWORK\\neura_dynamics\\src\\test\\test-utils.jsx","statementMap":{"0":{"start":{"line":12,"column":35},"end":{"line":37,"column":null}},"1":{"start":{"line":19,"column":8},"end":{"line":26,"column":null}},"2":{"start":{"line":28,"column":2},"end":{"line":36,"column":null}}},"fnMap":{"0":{"name":"(anonymous_0)","decl":{"start":{"line":12,"column":35},"end":{"line":12,"column":null}},"loc":{"start":{"line":18,"column":5},"end":{"line":37,"column":null}},"line":18}},"branchMap":{"0":{"loc":{"start":{"line":14,"column":2},"end":{"line":17,"column":null}},"type":"default-arg","locations":[{"start":{"line":17,"column":6},"end":{"line":17,"column":null}}],"line":14},"1":{"loc":{"start":{"line":15,"column":4},"end":{"line":15,"column":null}},"type":"default-arg","locations":[{"start":{"line":15,"column":12},"end":{"line":15,"column":null}}],"line":15},"2":{"loc":{"start":{"line":16,"column":4},"end":{"line":16,"column":null}},"type":"default-arg","locations":[{"start":{"line":16,"column":21},"end":{"line":16,"column":null}}],"line":16}},"s":{"0":3,"1":3,"2":3},"f":{"0":3},"b":{"0":[3],"1":[3],"2":[3]},"meta":{"lastBranch":3,"lastFunction":1,"lastStatement":3,"seen":{"s:12:35:37:Infinity":0,"f:12:35:12:Infinity":0,"b:17:6:17:Infinity":0,"b:15:12:15:Infinity":1,"b:16:21:16:Infinity":2,"s:19:8:26:Infinity":1,"s:28:2:36:Infinity":2}}}
}
